<?xml version="1.0" encoding="UTF-8"?>
<testsuite name="com.tryton.tut.tut_spring_kafka.controller.HomeControllerIntegrationTest" tests="2" skipped="0" failures="0" errors="0" timestamp="2022-11-20T16:08:16" hostname="mephisto" time="1.584">
  <properties/>
  <testcase name="shouldReturnMessage()" classname="com.tryton.tut.tut_spring_kafka.controller.HomeControllerIntegrationTest" time="1.526"/>
  <testcase name="shouldHandleError()" classname="com.tryton.tut.tut_spring_kafka.controller.HomeControllerIntegrationTest" time="0.056"/>
  <system-out><![CDATA[2022-11-20 17:08:13.404  INFO 7623 --- [    Test worker] .b.t.c.SpringBootTestContextBootstrapper : Neither @ContextConfiguration nor @ContextHierarchy found for test class [com.tryton.tut.tut_spring_kafka.controller.HomeControllerIntegrationTest], using SpringBootContextLoader
2022-11-20 17:08:13.415  INFO 7623 --- [    Test worker] o.s.t.c.s.AbstractContextLoader          : Could not detect default resource locations for test class [com.tryton.tut.tut_spring_kafka.controller.HomeControllerIntegrationTest]: no resource found for suffixes {-context.xml, Context.groovy}.
2022-11-20 17:08:13.418  INFO 7623 --- [    Test worker] t.c.s.AnnotationConfigContextLoaderUtils : Could not detect default configuration classes for test class [com.tryton.tut.tut_spring_kafka.controller.HomeControllerIntegrationTest]: HomeControllerIntegrationTest does not declare any static, non-private, non-final, nested classes annotated with @Configuration.
2022-11-20 17:08:13.443  INFO 7623 --- [    Test worker] .b.t.c.SpringBootTestContextBootstrapper : Found @SpringBootConfiguration com.tryton.tut.tut_spring_kafka.Launcher for test class com.tryton.tut.tut_spring_kafka.controller.HomeControllerIntegrationTest
2022-11-20 17:08:13.448  INFO 7623 --- [    Test worker] .b.t.c.SpringBootTestContextBootstrapper : Loaded default TestExecutionListener class names from location [META-INF/spring.factories]: [org.springframework.boot.test.autoconfigure.restdocs.RestDocsTestExecutionListener, org.springframework.boot.test.autoconfigure.web.client.MockRestServiceServerResetTestExecutionListener, org.springframework.boot.test.autoconfigure.web.servlet.MockMvcPrintOnlyOnFailureTestExecutionListener, org.springframework.boot.test.autoconfigure.web.servlet.WebDriverTestExecutionListener, org.springframework.boot.test.autoconfigure.webservices.client.MockWebServiceServerTestExecutionListener, org.springframework.boot.test.mock.mockito.MockitoTestExecutionListener, org.springframework.boot.test.mock.mockito.ResetMocksTestExecutionListener, org.springframework.test.context.web.ServletTestExecutionListener, org.springframework.test.context.support.DirtiesContextBeforeModesTestExecutionListener, org.springframework.test.context.event.ApplicationEventsTestExecutionListener, org.springframework.test.context.support.DependencyInjectionTestExecutionListener, org.springframework.test.context.support.DirtiesContextTestExecutionListener, org.springframework.test.context.transaction.TransactionalTestExecutionListener, org.springframework.test.context.jdbc.SqlScriptsTestExecutionListener, org.springframework.test.context.event.EventPublishingTestExecutionListener]
2022-11-20 17:08:13.453  INFO 7623 --- [    Test worker] .b.t.c.SpringBootTestContextBootstrapper : Using TestExecutionListeners: [org.springframework.test.context.web.ServletTestExecutionListener@4ae5ddc0, org.springframework.test.context.support.DirtiesContextBeforeModesTestExecutionListener@36ab69d9, org.springframework.test.context.event.ApplicationEventsTestExecutionListener@5ebfe7fa, org.springframework.boot.test.mock.mockito.MockitoTestExecutionListener@5f4e389a, org.springframework.boot.test.autoconfigure.SpringBootDependencyInjectionTestExecutionListener@3ba1f56e, org.springframework.test.context.support.DirtiesContextTestExecutionListener@56a9b662, org.springframework.test.context.event.EventPublishingTestExecutionListener@77881b7a, org.springframework.boot.test.autoconfigure.restdocs.RestDocsTestExecutionListener@59ac77f9, org.springframework.boot.test.autoconfigure.web.client.MockRestServiceServerResetTestExecutionListener@6d92e327, org.springframework.boot.test.autoconfigure.web.servlet.MockMvcPrintOnlyOnFailureTestExecutionListener@76134251, org.springframework.boot.test.autoconfigure.web.servlet.WebDriverTestExecutionListener@4177d422, org.springframework.boot.test.autoconfigure.webservices.client.MockWebServiceServerTestExecutionListener@7bde704a, org.springframework.boot.test.mock.mockito.ResetMocksTestExecutionListener@12f3fcd]

  .   ____          _            __ _ _
 /\\ / ___'_ __ _ _(_)_ __  __ _ \ \ \ \
( ( )\___ | '_ | '_| | '_ \/ _` | \ \ \ \
 \\/  ___)| |_)| | | | | || (_| |  ) ) ) )
  '  |____| .__|_| |_|_| |_\__, | / / / /
 =========|_|==============|___/=/_/_/_/
 :: Spring Boot ::                (v2.7.5)

2022-11-20 17:08:13.746  INFO 7623 --- [    Test worker] c.t.t.t.c.HomeControllerIntegrationTest  : Starting HomeControllerIntegrationTest using Java 11.0.16 on mephisto with PID 7623 (started by mephisto in /home/mephisto/repo/github/tut/tut-spring-kafka)
2022-11-20 17:08:13.752  INFO 7623 --- [    Test worker] c.t.t.t.c.HomeControllerIntegrationTest  : The following 1 profile is active: "test"
2022-11-20 17:08:14.567  INFO 7623 --- [    Test worker] o.s.b.w.e.t.TomcatWebServer              : Tomcat initialized with port(s): 0 (http)
2022-11-20 17:08:14.580  INFO 7623 --- [    Test worker] o.a.c.c.StandardService                  : Starting service [Tomcat]
2022-11-20 17:08:14.581  INFO 7623 --- [    Test worker] o.a.c.c.StandardEngine                   : Starting Servlet engine: [Apache Tomcat/9.0.68]
2022-11-20 17:08:14.731  INFO 7623 --- [    Test worker] o.a.c.c.C.[.[.[/]                        : Initializing Spring embedded WebApplicationContext
2022-11-20 17:08:14.731  INFO 7623 --- [    Test worker] w.s.c.ServletWebServerApplicationContext : Root WebApplicationContext: initialization completed in 967 ms
2022-11-20 17:08:16.281  INFO 7623 --- [    Test worker] o.s.b.w.e.t.TomcatWebServer              : Tomcat started on port(s): 42341 (http) with context path ''
2022-11-20 17:08:16.378  INFO 7623 --- [    Test worker] o.s.b.w.e.t.TomcatWebServer              : Tomcat initialized with port(s): 0 (http)
2022-11-20 17:08:16.380  INFO 7623 --- [    Test worker] o.a.c.c.StandardService                  : Starting service [Tomcat]
2022-11-20 17:08:16.381  INFO 7623 --- [    Test worker] o.a.c.c.StandardEngine                   : Starting Servlet engine: [Apache Tomcat/9.0.68]
2022-11-20 17:08:16.397  INFO 7623 --- [    Test worker] o.a.c.c.C.[.[.[/]                        : Initializing Spring embedded WebApplicationContext
2022-11-20 17:08:16.397  INFO 7623 --- [    Test worker] w.s.c.ServletWebServerApplicationContext : Root WebApplicationContext: initialization completed in 112 ms
2022-11-20 17:08:16.413  INFO 7623 --- [    Test worker] o.s.b.a.e.w.EndpointLinksResolver        : Exposing 1 endpoint(s) beneath base path '/actuator'
2022-11-20 17:08:16.875  INFO 7623 --- [    Test worker] o.s.b.w.e.t.TomcatWebServer              : Tomcat started on port(s): 34751 (http) with context path ''
2022-11-20 17:08:16.882  INFO 7623 --- [    Test worker] c.t.t.t.c.HomeControllerIntegrationTest  : Started HomeControllerIntegrationTest in 3.397 seconds (JVM running for 12.083)
2022-11-20 17:08:17.813  INFO 7623 --- [o-auto-1-exec-1] o.a.c.c.C.[.[.[/]                        : Initializing Spring DispatcherServlet 'dispatcherServlet'
2022-11-20 17:08:17.814  INFO 7623 --- [o-auto-1-exec-1] o.s.w.s.DispatcherServlet                : Initializing Servlet 'dispatcherServlet'
2022-11-20 17:08:17.817  INFO 7623 --- [o-auto-1-exec-1] o.s.w.s.DispatcherServlet                : Completed initialization in 2 ms
2022-11-20 17:08:17.850  INFO 7623 --- [o-auto-1-exec-1] c.t.t.t.c.HomeController                 : Starting getHome.
2022-11-20 17:08:17.851  INFO 7623 --- [o-auto-1-exec-1] c.t.t.t.c.HomeController                 : Finished getHome.
2022-11-20 17:08:18.437  INFO 7623 --- [o-auto-1-exec-2] c.t.t.t.c.HomeController                 : Starting testErrorHandling.
2022-11-20 17:08:18.441 ERROR 7623 --- [o-auto-1-exec-2] c.t.t.t.e.h.GeneralExceptionHandler      : General error: Testing Error handling

java.lang.RuntimeException: Testing Error handling
	at com.tryton.tut.tut_spring_kafka.controller.HomeController.testErrorHandling(HomeController.java:32) ~[main/:?]
	at jdk.internal.reflect.NativeMethodAccessorImpl.invoke0(Native Method) ~[?:?]
	at jdk.internal.reflect.NativeMethodAccessorImpl.invoke(NativeMethodAccessorImpl.java:62) ~[?:?]
	at jdk.internal.reflect.DelegatingMethodAccessorImpl.invoke(DelegatingMethodAccessorImpl.java:43) ~[?:?]
	at java.lang.reflect.Method.invoke(Method.java:566) ~[?:?]
	at org.springframework.web.method.support.InvocableHandlerMethod.doInvoke(InvocableHandlerMethod.java:205) ~[spring-web-5.3.23.jar:5.3.23]
	at org.springframework.web.method.support.InvocableHandlerMethod.invokeForRequest(InvocableHandlerMethod.java:150) ~[spring-web-5.3.23.jar:5.3.23]
	at org.springframework.web.servlet.mvc.method.annotation.ServletInvocableHandlerMethod.invokeAndHandle(ServletInvocableHandlerMethod.java:117) ~[spring-webmvc-5.3.23.jar:5.3.23]
	at org.springframework.web.servlet.mvc.method.annotation.RequestMappingHandlerAdapter.invokeHandlerMethod(RequestMappingHandlerAdapter.java:895) ~[spring-webmvc-5.3.23.jar:5.3.23]
	at org.springframework.web.servlet.mvc.method.annotation.RequestMappingHandlerAdapter.handleInternal(RequestMappingHandlerAdapter.java:808) ~[spring-webmvc-5.3.23.jar:5.3.23]
	at org.springframework.web.servlet.mvc.method.AbstractHandlerMethodAdapter.handle(AbstractHandlerMethodAdapter.java:87) ~[spring-webmvc-5.3.23.jar:5.3.23]
	at org.springframework.web.servlet.DispatcherServlet.doDispatch(DispatcherServlet.java:1071) ~[spring-webmvc-5.3.23.jar:5.3.23]
	at org.springframework.web.servlet.DispatcherServlet.doService(DispatcherServlet.java:964) ~[spring-webmvc-5.3.23.jar:5.3.23]
	at org.springframework.web.servlet.FrameworkServlet.processRequest(FrameworkServlet.java:1006) ~[spring-webmvc-5.3.23.jar:5.3.23]
	at org.springframework.web.servlet.FrameworkServlet.doGet(FrameworkServlet.java:898) ~[spring-webmvc-5.3.23.jar:5.3.23]
	at javax.servlet.http.HttpServlet.service(HttpServlet.java:670) ~[tomcat-embed-core-9.0.68.jar:4.0.FR]
	at org.springframework.web.servlet.FrameworkServlet.service(FrameworkServlet.java:883) ~[spring-webmvc-5.3.23.jar:5.3.23]
	at javax.servlet.http.HttpServlet.service(HttpServlet.java:779) ~[tomcat-embed-core-9.0.68.jar:4.0.FR]
	at org.apache.catalina.core.ApplicationFilterChain.internalDoFilter(ApplicationFilterChain.java:227) ~[tomcat-embed-core-9.0.68.jar:9.0.68]
	at org.apache.catalina.core.ApplicationFilterChain.doFilter(ApplicationFilterChain.java:162) ~[tomcat-embed-core-9.0.68.jar:9.0.68]
	at org.apache.tomcat.websocket.server.WsFilter.doFilter(WsFilter.java:53) ~[tomcat-embed-websocket-9.0.68.jar:9.0.68]
	at org.apache.catalina.core.ApplicationFilterChain.internalDoFilter(ApplicationFilterChain.java:189) ~[tomcat-embed-core-9.0.68.jar:9.0.68]
	at org.apache.catalina.core.ApplicationFilterChain.doFilter(ApplicationFilterChain.java:162) ~[tomcat-embed-core-9.0.68.jar:9.0.68]
	at org.springframework.web.filter.RequestContextFilter.doFilterInternal(RequestContextFilter.java:100) ~[spring-web-5.3.23.jar:5.3.23]
	at org.springframework.web.filter.OncePerRequestFilter.doFilter(OncePerRequestFilter.java:117) ~[spring-web-5.3.23.jar:5.3.23]
	at org.apache.catalina.core.ApplicationFilterChain.internalDoFilter(ApplicationFilterChain.java:189) ~[tomcat-embed-core-9.0.68.jar:9.0.68]
	at org.apache.catalina.core.ApplicationFilterChain.doFilter(ApplicationFilterChain.java:162) ~[tomcat-embed-core-9.0.68.jar:9.0.68]
	at org.springframework.web.filter.FormContentFilter.doFilterInternal(FormContentFilter.java:93) ~[spring-web-5.3.23.jar:5.3.23]
	at org.springframework.web.filter.OncePerRequestFilter.doFilter(OncePerRequestFilter.java:117) ~[spring-web-5.3.23.jar:5.3.23]
	at org.apache.catalina.core.ApplicationFilterChain.internalDoFilter(ApplicationFilterChain.java:189) ~[tomcat-embed-core-9.0.68.jar:9.0.68]
	at org.apache.catalina.core.ApplicationFilterChain.doFilter(ApplicationFilterChain.java:162) ~[tomcat-embed-core-9.0.68.jar:9.0.68]
	at org.springframework.boot.actuate.metrics.web.servlet.WebMvcMetricsFilter.doFilterInternal(WebMvcMetricsFilter.java:96) ~[spring-boot-actuator-2.7.5.jar:2.7.5]
	at org.springframework.web.filter.OncePerRequestFilter.doFilter(OncePerRequestFilter.java:117) ~[spring-web-5.3.23.jar:5.3.23]
	at org.apache.catalina.core.ApplicationFilterChain.internalDoFilter(ApplicationFilterChain.java:189) ~[tomcat-embed-core-9.0.68.jar:9.0.68]
	at org.apache.catalina.core.ApplicationFilterChain.doFilter(ApplicationFilterChain.java:162) ~[tomcat-embed-core-9.0.68.jar:9.0.68]
	at org.springframework.web.filter.CharacterEncodingFilter.doFilterInternal(CharacterEncodingFilter.java:201) ~[spring-web-5.3.23.jar:5.3.23]
	at org.springframework.web.filter.OncePerRequestFilter.doFilter(OncePerRequestFilter.java:117) ~[spring-web-5.3.23.jar:5.3.23]
	at org.apache.catalina.core.ApplicationFilterChain.internalDoFilter(ApplicationFilterChain.java:189) ~[tomcat-embed-core-9.0.68.jar:9.0.68]
	at org.apache.catalina.core.ApplicationFilterChain.doFilter(ApplicationFilterChain.java:162) ~[tomcat-embed-core-9.0.68.jar:9.0.68]
	at org.apache.catalina.core.StandardWrapperValve.invoke(StandardWrapperValve.java:197) ~[tomcat-embed-core-9.0.68.jar:9.0.68]
	at org.apache.catalina.core.StandardContextValve.invoke(StandardContextValve.java:97) ~[tomcat-embed-core-9.0.68.jar:9.0.68]
	at org.apache.catalina.authenticator.AuthenticatorBase.invoke(AuthenticatorBase.java:541) ~[tomcat-embed-core-9.0.68.jar:9.0.68]
	at org.apache.catalina.core.StandardHostValve.invoke(StandardHostValve.java:135) ~[tomcat-embed-core-9.0.68.jar:9.0.68]
	at org.apache.catalina.valves.ErrorReportValve.invoke(ErrorReportValve.java:92) ~[tomcat-embed-core-9.0.68.jar:9.0.68]
	at org.apache.catalina.core.StandardEngineValve.invoke(StandardEngineValve.java:78) ~[tomcat-embed-core-9.0.68.jar:9.0.68]
	at org.apache.catalina.connector.CoyoteAdapter.service(CoyoteAdapter.java:360) ~[tomcat-embed-core-9.0.68.jar:9.0.68]
	at org.apache.coyote.http11.Http11Processor.service(Http11Processor.java:399) ~[tomcat-embed-core-9.0.68.jar:9.0.68]
	at org.apache.coyote.AbstractProcessorLight.process(AbstractProcessorLight.java:65) ~[tomcat-embed-core-9.0.68.jar:9.0.68]
	at org.apache.coyote.AbstractProtocol$ConnectionHandler.process(AbstractProtocol.java:893) ~[tomcat-embed-core-9.0.68.jar:9.0.68]
	at org.apache.tomcat.util.net.NioEndpoint$SocketProcessor.doRun(NioEndpoint.java:1789) ~[tomcat-embed-core-9.0.68.jar:9.0.68]
	at org.apache.tomcat.util.net.SocketProcessorBase.run(SocketProcessorBase.java:49) ~[tomcat-embed-core-9.0.68.jar:9.0.68]
	at org.apache.tomcat.util.threads.ThreadPoolExecutor.runWorker(ThreadPoolExecutor.java:1191) ~[tomcat-embed-core-9.0.68.jar:9.0.68]
	at org.apache.tomcat.util.threads.ThreadPoolExecutor$Worker.run(ThreadPoolExecutor.java:659) ~[tomcat-embed-core-9.0.68.jar:9.0.68]
	at org.apache.tomcat.util.threads.TaskThread$WrappingRunnable.run(TaskThread.java:61) ~[tomcat-embed-core-9.0.68.jar:9.0.68]
	at java.lang.Thread.run(Thread.java:829) ~[?:?]

]]></system-out>
  <system-err><![CDATA[]]></system-err>
</testsuite>
