<?xml version="1.0" encoding="UTF-8"?>
<testsuite name="com.tryton.tut.tut_spring_kafka.LauncherIntegrationTest" tests="1" skipped="0" failures="0" errors="0" timestamp="2022-11-20T16:08:12" hostname="mephisto" time="1.109">
  <properties/>
  <testcase name="contextLoads()" classname="com.tryton.tut.tut_spring_kafka.LauncherIntegrationTest" time="1.109"/>
  <system-out><![CDATA[
  .   ____          _            __ _ _
 /\\ / ___'_ __ _ _(_)_ __  __ _ \ \ \ \
( ( )\___ | '_ | '_| | '_ \/ _` | \ \ \ \
 \\/  ___)| |_)| | | | | || (_| |  ) ) ) )
  '  |____| .__|_| |_|_| |_\__, | / / / /
 =========|_|==============|___/=/_/_/_/
 :: Spring Boot ::                (v2.7.5)

2022-11-20 17:08:07.278  INFO 7623 --- [    Test worker] c.t.t.t.LauncherIntegrationTest          : Starting LauncherIntegrationTest using Java 11.0.16 on mephisto with PID 7623 (started by mephisto in /home/mephisto/repo/github/tut/tut-spring-kafka)
2022-11-20 17:08:07.304  INFO 7623 --- [    Test worker] c.t.t.t.LauncherIntegrationTest          : The following 1 profile is active: "local"
2022-11-20 17:08:12.245  INFO 7623 --- [    Test worker] c.t.t.t.LauncherIntegrationTest          : Started LauncherIntegrationTest in 5.461 seconds (JVM running for 7.446)
]]></system-out>
  <system-err><![CDATA[]]></system-err>
</testsuite>
